  [1m[35m (196.3ms)[0m  [1m[35mCREATE DATABASE "road_trippin_development" ENCODING = 'unicode'[0m
  [1m[35m (78.1ms)[0m  [1m[35mCREATE DATABASE "road_trippin_test" ENCODING = 'unicode'[0m
Started GET "/api/v1/forecast?location=denver,co" for ::1 at 2024-08-03 15:49:06 -0600
  [1m[35m (16.0ms)[0m  [1m[35mCREATE TABLE "schema_migrations" ("version" character varying NOT NULL PRIMARY KEY)[0m
  [1m[35m (2.2ms)[0m  [1m[35mCREATE TABLE "ar_internal_metadata" ("key" character varying NOT NULL PRIMARY KEY, "value" character varying, "created_at" timestamp(6) NOT NULL, "updated_at" timestamp(6) NOT NULL)[0m
  [1m[36mActiveRecord::SchemaMigration Load (16.1ms)[0m  [1m[34mSELECT "schema_migrations"."version" FROM "schema_migrations" ORDER BY "schema_migrations"."version" ASC[0m
  
ActionController::RoutingError (uninitialized constant Api):
  
Started GET "/api/v1/forecast?location=denver,co" for ::1 at 2024-08-03 15:51:05 -0600
  
ActionController::RoutingError (uninitialized constant Api::V1::ForecastController):
  
Started GET "/api/v1/forecast?location=denver,co" for ::1 at 2024-08-03 15:51:15 -0600
  
ActionController::RoutingError (uninitialized constant Api::V1::ForecastController):
  
Started GET "/api/v1/forecast?location=denver,co" for ::1 at 2024-08-03 15:51:39 -0600
Processing by Api::V1::ForecastController#index as */*
  Parameters: {"location"=>"denver,co"}
Completed 500 Internal Server Error in 545739ms (ActiveRecord: 0.0ms | Allocations: 56131)


  
SystemExit (exit):
  
app/controllers/api/v1/forecast_controller.rb:4:in `index'
Started GET "/api/v1/forecast?location=longmont,co" for ::1 at 2024-08-03 16:00:50 -0600
Processing by Api::V1::ForecastController#index as */*
  Parameters: {"location"=>"longmont,co"}
Completed 500 Internal Server Error in 291409ms (ActiveRecord: 0.0ms | Allocations: 12394)


  
SystemExit (exit):
  
app/controllers/api/v1/forecast_controller.rb:4:in `index'
Started GET "/api/v1/forecast?location=longmont,co" for ::1 at 2024-08-03 16:05:51 -0600
Processing by Api::V1::ForecastController#index as */*
  Parameters: {"location"=>"longmont,co"}
Completed 500 Internal Server Error in 1844237ms (ActiveRecord: 0.0ms | Allocations: 17816)


  
SystemExit (exit):
  
app/controllers/api/v1/forecast_controller.rb:4:in `index'
